# JRE version: OpenJDK Runtime Environment (8.0_242-b01) (build 1.8.0_242-release-1644-b01)
# Java VM: OpenJDK 64-Bit Server VM (25.242-b01 mixed mode windows-amd64 compressed oops)
Heap:
 PSYoungGen      total 653312K, used 593692K [0x00000000d5580000, 0x00000000ffc80000, 0x0000000100000000)
  eden space 615424K, 94% used [0x00000000d5580000,0x00000000f8e640a0,0x00000000fae80000)
  from space 37888K, 29% used [0x00000000fd780000,0x00000000fe262f98,0x00000000ffc80000)
  to   space 39936K, 0% used [0x00000000fae80000,0x00000000fae80000,0x00000000fd580000)
 ParOldGen       total 291328K, used 163274K [0x0000000080000000, 0x0000000091c80000, 0x00000000d5580000)
  object space 291328K, 56% used [0x0000000080000000,0x0000000089f72920,0x0000000091c80000)
 Metaspace       used 120420K, capacity 126740K, committed 127308K, reserved 1159168K
  class space    used 15319K, capacity 16549K, committed 16768K, reserved 1048576K
GC Heap History (10 events):
Event: 6870.508 GC heap before
{Heap before GC invocations=43 (full 5):
 PSYoungGen      total 519168K, used 11530K [0x00000000d5580000, 0x00000000f8700000, 0x0000000100000000)
  eden space 472576K, 0% used [0x00000000d5580000,0x00000000d5580000,0x00000000f2300000)
  from space 46592K, 24% used [0x00000000f4f80000,0x00000000f5ac2a28,0x00000000f7d00000)
  to   space 45568K, 0% used [0x00000000f2300000,0x00000000f2300000,0x00000000f4f80000)
 ParOldGen       total 182272K, used 181915K [0x0000000080000000, 0x000000008b200000, 0x00000000d5580000)
  object space 182272K, 99% used [0x0000000080000000,0x000000008b1a6c90,0x000000008b200000)
 Metaspace       used 120324K, capacity 126984K, committed 127308K, reserved 1159168K
  class space    used 15382K, capacity 16673K, committed 16768K, reserved 1048576K
Event: 6873.381 GC heap after
Heap after GC invocations=43 (full 5):
 PSYoungGen      total 519168K, used 0K [0x00000000d5580000, 0x00000000f8700000, 0x0000000100000000)
  eden space 472576K, 0% used [0x00000000d5580000,0x00000000d5580000,0x00000000f2300000)
  from space 46592K, 0% used [0x00000000f4f80000,0x00000000f4f80000,0x00000000f7d00000)
  to   space 45568K, 0% used [0x00000000f2300000,0x00000000f2300000,0x00000000f4f80000)
 ParOldGen       total 291328K, used 134443K [0x0000000080000000, 0x0000000091c80000, 0x00000000d5580000)
  object space 291328K, 46% used [0x0000000080000000,0x000000008834ad98,0x0000000091c80000)
 Metaspace       used 120013K, capacity 126324K, committed 127308K, reserved 1159168K
  class space    used 15302K, capacity 16537K, committed 16768K, reserved 1048576K
}
Event: 6876.323 GC heap before
{Heap before GC invocations=44 (full 5):
 PSYoungGen      total 519168K, used 472576K [0x00000000d5580000, 0x00000000f8700000, 0x0000000100000000)
  eden space 472576K, 100% used [0x00000000d5580000,0x00000000f2300000,0x00000000f2300000)
  from space 46592K, 0% used [0x00000000f4f80000,0x00000000f4f80000,0x00000000f7d00000)
  to   space 45568K, 0% used [0x00000000f2300000,0x00000000f2300000,0x00000000f4f80000)
 ParOldGen       total 291328K, used 134443K [0x0000000080000000, 0x0000000091c80000, 0x00000000d5580000)
  object space 291328K, 46% used [0x0000000080000000,0x000000008834ad98,0x0000000091c80000)
 Metaspace       used 120122K, capacity 126428K, committed 127308K, reserved 1159168K
  class space    used 15312K, capacity 16543K, committed 16768K, reserved 1048576K
Event: 6876.378 GC heap after
Heap after GC invocations=44 (full 5):
 PSYoungGen      total 518144K, used 11808K [0x00000000d5580000, 0x00000000fd200000, 0x0000000100000000)
  eden space 472576K, 0% used [0x00000000d5580000,0x00000000d5580000,0x00000000f2300000)
  from space 45568K, 25% used [0x00000000f2300000,0x00000000f2e881a0,0x00000000f4f80000)
  to   space 44032K, 0% used [0x00000000fa700000,0x00000000fa700000,0x00000000fd200000)
 ParOldGen       total 291328K, used 134451K [0x0000000080000000, 0x0000000091c80000, 0x00000000d5580000)
  object space 291328K, 46% used [0x0000000080000000,0x000000008834cd98,0x0000000091c80000)
 Metaspace       used 120122K, capacity 126428K, committed 127308K, reserved 1159168K
  class space    used 15312K, capacity 16543K, committed 16768K, reserved 1048576K
}
Event: 6880.358 GC heap before
{Heap before GC invocations=45 (full 5):
 PSYoungGen      total 518144K, used 484384K [0x00000000d5580000, 0x00000000fd200000, 0x0000000100000000)
  eden space 472576K, 100% used [0x00000000d5580000,0x00000000f2300000,0x00000000f2300000)
  from space 45568K, 25% used [0x00000000f2300000,0x00000000f2e881a0,0x00000000f4f80000)
  to   space 44032K, 0% used [0x00000000fa700000,0x00000000fa700000,0x00000000fd200000)
 ParOldGen       total 291328K, used 134453K [0x0000000080000000, 0x0000000091c80000, 0x00000000d5580000)
  object space 291328K, 46% used [0x0000000080000000,0x000000008834d798,0x0000000091c80000)
 Metaspace       used 120185K, capacity 126502K, committed 127308K, reserved 1159168K
  class space    used 15314K, capacity 16544K, committed 16768K, reserved 1048576K
Event: 6880.438 GC heap after
Heap after GC invocations=45 (full 5):
 PSYoungGen      total 602624K, used 20592K [0x00000000d5580000, 0x00000000fce00000, 0x0000000100000000)
  eden space 562688K, 0% used [0x00000000d5580000,0x00000000d5580000,0x00000000f7b00000)
  from space 39936K, 51% used [0x00000000fa700000,0x00000000fbb1c138,0x00000000fce00000)
  to   space 42496K, 0% used [0x00000000f7b00000,0x00000000f7b00000,0x00000000fa480000)
 ParOldGen       total 291328K, used 141631K [0x0000000080000000, 0x0000000091c80000, 0x00000000d5580000)
  object space 291328K, 48% used [0x0000000080000000,0x0000000088a4fe90,0x0000000091c80000)
 Metaspace       used 120185K, capacity 126502K, committed 127308K, reserved 1159168K
  class space    used 15314K, capacity 16544K, committed 16768K, reserved 1048576K
}
Event: 6883.019 GC heap before
{Heap before GC invocations=46 (full 5):
 PSYoungGen      total 602624K, used 583280K [0x00000000d5580000, 0x00000000fce00000, 0x0000000100000000)
  eden space 562688K, 100% used [0x00000000d5580000,0x00000000f7b00000,0x00000000f7b00000)
  from space 39936K, 51% used [0x00000000fa700000,0x00000000fbb1c138,0x00000000fce00000)
  to   space 42496K, 0% used [0x00000000f7b00000,0x00000000f7b00000,0x00000000fa480000)
 ParOldGen       total 291328K, used 141631K [0x0000000080000000, 0x0000000091c80000, 0x00000000d5580000)
  object space 291328K, 48% used [0x0000000080000000,0x0000000088a4fe90,0x0000000091c80000)
 Metaspace       used 120197K, capacity 126510K, committed 127308K, reserved 1159168K
  class space    used 15314K, capacity 16544K, committed 16768K, reserved 1048576K
Event: 6883.101 GC heap after
Heap after GC invocations=46 (full 5):
 PSYoungGen      total 605184K, used 11775K [0x00000000d5580000, 0x00000000fff80000, 0x0000000100000000)
  eden space 562688K, 0% used [0x00000000d5580000,0x00000000d5580000,0x00000000f7b00000)
  from space 42496K, 27% used [0x00000000f7b00000,0x00000000f867fe90,0x00000000fa480000)
  to   space 40960K, 0% used [0x00000000fd780000,0x00000000fd780000,0x00000000fff80000)
 ParOldGen       total 291328K, used 156899K [0x0000000080000000, 0x0000000091c80000, 0x00000000d5580000)
  object space 291328K, 53% used [0x0000000080000000,0x0000000089938f08,0x0000000091c80000)
 Metaspace       used 120197K, capacity 126510K, committed 127308K, reserved 1159168K
  class space    used 15314K, capacity 16544K, committed 16768K, reserved 1048576K
}
Event: 6886.767 GC heap before
{Heap before GC invocations=47 (full 5):
 PSYoungGen      total 605184K, used 574463K [0x00000000d5580000, 0x00000000fff80000, 0x0000000100000000)
  eden space 562688K, 100% used [0x00000000d5580000,0x00000000f7b00000,0x00000000f7b00000)
  from space 42496K, 27% used [0x00000000f7b00000,0x00000000f867fe90,0x00000000fa480000)
  to   space 40960K, 0% used [0x00000000fd780000,0x00000000fd780000,0x00000000fff80000)
 ParOldGen       total 291328K, used 156899K [0x0000000080000000, 0x0000000091c80000, 0x00000000d5580000)
  object space 291328K, 53% used [0x0000000080000000,0x0000000089938f08,0x0000000091c80000)
 Metaspace       used 120363K, capacity 126654K, committed 127308K, reserved 1159168K
  class space    used 15315K, capacity 16546K, committed 16768K, reserved 1048576K
Event: 6886.807 GC heap after
Heap after GC invocations=47 (full 5):
 PSYoungGen      total 653312K, used 11147K [0x00000000d5580000, 0x00000000ffc80000, 0x0000000100000000)
  eden space 615424K, 0% used [0x00000000d5580000,0x00000000d5580000,0x00000000fae80000)
  from space 37888K, 29% used [0x00000000fd780000,0x00000000fe262f98,0x00000000ffc80000)
  to   space 39936K, 0% used [0x00000000fae80000,0x00000000fae80000,0x00000000fd580000)
 ParOldGen       total 291328K, used 163274K [0x0000000080000000, 0x0000000091c80000, 0x00000000d5580000)
  object space 291328K, 56% used [0x0000000080000000,0x0000000089f72920,0x0000000091c80000)
 Metaspace       used 120363K, capacity 126654K, committed 127308K, reserved 1159168K
  class space    used 15315K, capacity 16546K, committed 16768K, reserved 1048576K
}

